#
# There is insufficient memory for the Java Runtime Environment to continue.
# Native memory allocation (mmap) failed to map 79691776 bytes. Error detail: G1 virtual space
# Possible reasons:
#   The system is out of physical RAM or swap space
#   This process is running with CompressedOops enabled, and the Java Heap may be blocking the growth of the native heap
# Possible solutions:
#   Reduce memory load on the system
#   Increase physical memory or swap space
#   Check if swap backing store is full
#   Decrease Java heap size (-Xmx/-Xms)
#   Decrease number of Java threads
#   Decrease Java thread stack sizes (-Xss)
#   Set larger code cache with -XX:ReservedCodeCacheSize=
#   JVM is running with Unscaled Compressed Oops mode in which the Java heap is
#     placed in the first 4GB address space. The Java Heap base address is the
#     maximum limit for the native heap growth. Please use -XX:HeapBaseMinAddress
#     to set the Java Heap base and to place the Java Heap above 4GB virtual address.
# This output file may be truncated or incomplete.
#
#  Out of Memory Error (os_windows.cpp:3603), pid=1676, tid=8300
#
# JRE version:  (21.0.3+9) (build )
# Java VM: OpenJDK 64-Bit Server VM (21.0.3+9-LTS, mixed mode, sharing, tiered, compressed oops, compressed class ptrs, g1 gc, windows-amd64)
# No core dump will be written. Minidumps are not enabled by default on client versions of Windows
#

---------------  S U M M A R Y ------------

Command Line: -Dfile.encoding=UTF-8 -Dstdout.encoding=UTF-8 -Dstderr.encoding=UTF-8 --module-path=C:\Users\INTEL CORE I5\Desktop\ProInteServibar\bin;C:\Users\INTEL CORE I5\Desktop\PROGRAMACION 2\ojdbc11.jar;C:\JavaFX\lib\javafx.base.jar;C:\JavaFX\lib\javafx.controls.jar;C:\JavaFX\lib\javafx.fxml.jar;C:\JavaFX\lib\javafx.graphics.jar;C:\JavaFX\lib\javafx.media.jar;C:\JavaFX\lib\javafx.swing.jar;C:\JavaFX\lib\javafx.web.jar;C:\JavaFX\lib\javafx-swt.jar -XX:+ShowCodeDetailsInExceptionMessages -Djdk.module.main=ProyectoIntegrador ProyectoIntegrador/application.Main

Host: Intel(R) Core(TM) i5-4210U CPU @ 1.70GHz, 4 cores, 4G,  Windows 11 , 64 bit Build 22000 (10.0.22000.318)
Time: Wed May  1 14:26:09 2024 Hora est. Pacífico, Sudamérica elapsed time: 0.164173 seconds (0d 0h 0m 0s)

---------------  T H R E A D  ---------------

Current thread (0x000001f2720b7a40):  JavaThread "Unknown thread" [_thread_in_vm, id=8300, stack(0x000000c856e00000,0x000000c856f00000) (1024K)]

Stack: [0x000000c856e00000,0x000000c856f00000]
Native frames: (J=compiled Java code, j=interpreted, Vv=VM code, C=native code)
V  [jvm.dll+0x6c8699]
V  [jvm.dll+0x8a2061]
V  [jvm.dll+0x8a458e]
V  [jvm.dll+0x8a4c63]
V  [jvm.dll+0x27e476]
V  [jvm.dll+0x6c4e15]
V  [jvm.dll+0x6b9b0a]
V  [jvm.dll+0x3523ba]
V  [jvm.dll+0x359f66]
V  [jvm.dll+0x3ab1be]
V  [jvm.dll+0x3ab468]
V  [jvm.dll+0x3265fc]
V  [jvm.dll+0x32715b]
V  [jvm.dll+0x86b0b9]
V  [jvm.dll+0x3b81c1]
V  [jvm.dll+0x854318]
V  [jvm.dll+0x44c55e]
V  [jvm.dll+0x44e081]
C  [jli.dll+0x5278]
C  [ucrtbase.dll+0x26c0c]
C  [KERNEL32.DLL+0x154e0]
C  [ntdll.dll+0x485b]


---------------  P R O C E S S  ---------------

Threads class SMR info:
_java_thread_list=0x00007ff96fe6e048, length=0, elements={
}

Java Threads: ( => current thread )
Total: 0

Other Threads:
  0x000001f272331590 WorkerThread "GC Thread#0"                     [id=1636, stack(0x000000c856f00000,0x000000c857000000) (1024K)]
  0x000001f27233cb50 ConcurrentGCThread "G1 Main Marker"            [id=5196, stack(0x000000c857000000,0x000000c857100000) (1024K)]
  0x000001f27233e660 WorkerThread "G1 Conc#0"                       [id=8756, stack(0x000000c857100000,0x000000c857200000) (1024K)]

[error occurred during error reporting (printing all threads), id 0xc0000005, EXCEPTION_ACCESS_VIOLATION (0xc0000005) at pc=0x00007ff96f578f27]
VM state: not at safepoint (not fully initialized)

VM Mutex/Monitor currently owned by a thread:  ([mutex/lock_event])
[0x00007ff96fee2228] Heap_lock - owner thread: 0x000001f2720b7a40

Heap address: 0x00000000b5c00000, size: 1188 MB, Compressed Oops mode: 32-bit

CDS archive(s) mapped at: [0x0000000000000000-0x0000000000000000-0x0000000000000000), size 0, SharedBaseAddress: 0x0000000800000000, ArchiveRelocationMode: 1.
Narrow klass base: 0x0000000000000000, Narrow klass shift: 0, Narrow klass range: 0x0

GC Precious Log:
 CardTable entry size: 512
 Card Set container configuration: InlinePtr #cards 5 size 8 Array Of Cards #cards 12 size 40 Howl #buckets 4 coarsen threshold 1843 Howl Bitmap #cards 512 size 80 coarsen threshold 460 Card regions per heap region 1 cards per card region 2048

Heap:
 garbage-first heap   total 0K, used 0K [0x00000000b5c00000, 0x0000000100000000)
  region size 1024K, 0 young (0K), 0 survivors (0K)

[error occurred during error reporting (printing heap information), id 0xc0000005, EXCEPTION_ACCESS_VIOLATION (0xc0000005) at pc=0x00007ff96f962069]
GC Heap History (0 events):
No events

Dll operation events (1 events):
Event: 0.013 Loaded shared library C:\Users\INTEL CORE I5\.p2\pool\plugins\org.eclipse.justj.openjdk.hotspot.jre.full.win32.x86_64_21.0.3.v20240426-1530\jre\bin\java.dll

Deoptimization events (0 events):
No events

Classes loaded (0 events):
No events

Classes unloaded (0 events):
No events

Classes redefined (0 events):
No events

Internal exceptions (0 events):
No events

ZGC Phase Switch (0 events):
No events

VM Operations (0 events):
No events

Events (0 events):
No events


Dynamic libraries:
0x00007ff768680000 - 0x00007ff76868e000 	C:\Users\INTEL CORE I5\.p2\pool\plugins\org.eclipse.justj.openjdk.hotspot.jre.full.win32.x86_64_21.0.3.v20240426-1530\jre\bin\javaw.exe
0x00007ff9aa9a0000 - 0x00007ff9aaba7000 	C:\Windows\SYSTEM32\ntdll.dll
0x00007ff9a95b0000 - 0x00007ff9a966d000 	C:\Windows\System32\KERNEL32.DLL
0x00007ff9a7e80000 - 0x00007ff9a81f4000 	C:\Windows\System32\KERNELBASE.dll
0x00007ff9a8320000 - 0x00007ff9a8431000 	C:\Windows\System32\ucrtbase.dll
0x00007ff997bb0000 - 0x00007ff997bc8000 	C:\Users\INTEL CORE I5\.p2\pool\plugins\org.eclipse.justj.openjdk.hotspot.jre.full.win32.x86_64_21.0.3.v20240426-1530\jre\bin\jli.dll
0x00007ff9a9270000 - 0x00007ff9a941c000 	C:\Windows\System32\USER32.dll
0x00007ff9a8790000 - 0x00007ff9a87b6000 	C:\Windows\System32\win32u.dll
0x00007ff9aa930000 - 0x00007ff9aa959000 	C:\Windows\System32\GDI32.dll
0x00007ff9a85b0000 - 0x00007ff9a86c2000 	C:\Windows\System32\gdi32full.dll
0x00007ff9a8200000 - 0x00007ff9a829d000 	C:\Windows\System32\msvcp_win.dll
0x00007ff99b070000 - 0x00007ff99b08b000 	C:\Users\INTEL CORE I5\.p2\pool\plugins\org.eclipse.justj.openjdk.hotspot.jre.full.win32.x86_64_21.0.3.v20240426-1530\jre\bin\VCRUNTIME140.dll
0x00007ff999f80000 - 0x00007ff99a225000 	C:\Windows\WinSxS\amd64_microsoft.windows.common-controls_6595b64144ccf1df_6.0.22000.120_none_9d947278b86cc467\COMCTL32.dll
0x00007ff9a8f80000 - 0x00007ff9a9023000 	C:\Windows\System32\msvcrt.dll
0x00007ff9a8a60000 - 0x00007ff9a8a91000 	C:\Windows\System32\IMM32.DLL
0x00007ff9a4230000 - 0x00007ff9a423c000 	C:\Users\INTEL CORE I5\.p2\pool\plugins\org.eclipse.justj.openjdk.hotspot.jre.full.win32.x86_64_21.0.3.v20240426-1530\jre\bin\vcruntime140_1.dll
0x00007ff987440000 - 0x00007ff9874ce000 	C:\Users\INTEL CORE I5\.p2\pool\plugins\org.eclipse.justj.openjdk.hotspot.jre.full.win32.x86_64_21.0.3.v20240426-1530\jre\bin\msvcp140.dll
0x00007ff96f240000 - 0x00007ff96ffc2000 	C:\Users\INTEL CORE I5\.p2\pool\plugins\org.eclipse.justj.openjdk.hotspot.jre.full.win32.x86_64_21.0.3.v20240426-1530\jre\bin\server\jvm.dll
0x00007ff9aa790000 - 0x00007ff9aa83c000 	C:\Windows\System32\ADVAPI32.dll
0x00007ff9aa650000 - 0x00007ff9aa6ed000 	C:\Windows\System32\sechost.dll
0x00007ff9a9680000 - 0x00007ff9a97a1000 	C:\Windows\System32\RPCRT4.dll
0x00007ff9a9200000 - 0x00007ff9a926f000 	C:\Windows\System32\WS2_32.dll
0x00007ff9a68b0000 - 0x00007ff9a68fd000 	C:\Windows\SYSTEM32\POWRPROF.dll
0x00007ff9a10a0000 - 0x00007ff9a10d3000 	C:\Windows\SYSTEM32\WINMM.dll
0x00007ff9995a0000 - 0x00007ff9995aa000 	C:\Windows\SYSTEM32\VERSION.dll
0x00007ff9a69a0000 - 0x00007ff9a69b3000 	C:\Windows\SYSTEM32\UMPDC.dll
0x00007ff9a7090000 - 0x00007ff9a70a8000 	C:\Windows\SYSTEM32\kernel.appcore.dll
0x00007ff9a41f0000 - 0x00007ff9a41fa000 	C:\Users\INTEL CORE I5\.p2\pool\plugins\org.eclipse.justj.openjdk.hotspot.jre.full.win32.x86_64_21.0.3.v20240426-1530\jre\bin\jimage.dll
0x00007ff994fa0000 - 0x00007ff9951c1000 	C:\Windows\SYSTEM32\DBGHELP.DLL
0x00007ff994f60000 - 0x00007ff994f91000 	C:\Windows\SYSTEM32\dbgcore.DLL
0x00007ff9a82a0000 - 0x00007ff9a8320000 	C:\Windows\System32\bcryptPrimitives.dll
0x00007ff99b230000 - 0x00007ff99b24f000 	C:\Users\INTEL CORE I5\.p2\pool\plugins\org.eclipse.justj.openjdk.hotspot.jre.full.win32.x86_64_21.0.3.v20240426-1530\jre\bin\java.dll

dbghelp: loaded successfully - version: 4.0.5 - missing functions: none
symbol engine: initialized successfully - sym options: 0x614 - pdb path: .;C:\Users\INTEL CORE I5\.p2\pool\plugins\org.eclipse.justj.openjdk.hotspot.jre.full.win32.x86_64_21.0.3.v20240426-1530\jre\bin;C:\Windows\SYSTEM32;C:\Windows\WinSxS\amd64_microsoft.windows.common-controls_6595b64144ccf1df_6.0.22000.120_none_9d947278b86cc467;C:\Users\INTEL CORE I5\.p2\pool\plugins\org.eclipse.justj.openjdk.hotspot.jre.full.win32.x86_64_21.0.3.v20240426-1530\jre\bin\server

VM Arguments:
jvm_args: -Dfile.encoding=UTF-8 -Dstdout.encoding=UTF-8 -Dstderr.encoding=UTF-8 --module-path=C:\Users\INTEL CORE I5\Desktop\ProInteServibar\bin;C:\Users\INTEL CORE I5\Desktop\PROGRAMACION 2\ojdbc11.jar;C:\JavaFX\lib\javafx.base.jar;C:\JavaFX\lib\javafx.controls.jar;C:\JavaFX\lib\javafx.fxml.jar;C:\JavaFX\lib\javafx.graphics.jar;C:\JavaFX\lib\javafx.media.jar;C:\JavaFX\lib\javafx.swing.jar;C:\JavaFX\lib\javafx.web.jar;C:\JavaFX\lib\javafx-swt.jar -XX:+ShowCodeDetailsInExceptionMessages -Djdk.module.main=ProyectoIntegrador 
java_command: ProyectoIntegrador/application.Main
java_class_path (initial): C:\Users\INTEL CORE I5\.p2\pool\plugins\org.eclipse.fx.ide.css.jfx8_3.10.0.202303150700.jar
Launcher Type: SUN_STANDARD

[Global flags]
     intx CICompilerCount                          = 3                                         {product} {ergonomic}
     uint ConcGCThreads                            = 1                                         {product} {ergonomic}
     uint G1ConcRefinementThreads                  = 4                                         {product} {ergonomic}
   size_t G1HeapRegionSize                         = 1048576                                   {product} {ergonomic}
    uintx GCDrainStackTargetSize                   = 64                                        {product} {ergonomic}
   size_t InitialHeapSize                          = 79691776                                  {product} {ergonomic}
   size_t MarkStackSize                            = 4194304                                   {product} {ergonomic}
   size_t MaxHeapSize                              = 1245708288                                {product} {ergonomic}
   size_t MinHeapDeltaBytes                        = 1048576                                   {product} {ergonomic}
   size_t MinHeapSize                              = 8388608                                   {product} {ergonomic}
    uintx NonNMethodCodeHeapSize                   = 5832780                                {pd product} {ergonomic}
    uintx NonProfiledCodeHeapSize                  = 122912730                              {pd product} {ergonomic}
    uintx ProfiledCodeHeapSize                     = 122912730                              {pd product} {ergonomic}
    uintx ReservedCodeCacheSize                    = 251658240                              {pd product} {ergonomic}
     bool SegmentedCodeCache                       = true                                      {product} {ergonomic}
     bool ShowCodeDetailsInExceptionMessages       = true                                   {manageable} {command line}
   size_t SoftMaxHeapSize                          = 1245708288                             {manageable} {ergonomic}
     bool UseCompressedOops                        = true                           {product lp64_product} {ergonomic}
     bool UseG1GC                                  = true                                      {product} {ergonomic}
     bool UseLargePagesIndividualAllocation        = false                                  {pd product} {ergonomic}

Logging:
Log output configuration:
 #0: stdout all=warning uptime,level,tags foldmultilines=false
 #1: stderr all=off uptime,level,tags foldmultilines=false

Environment Variables:
PATH=C:/Users/INTEL CORE I5/.p2/pool/plugins/org.eclipse.justj.openjdk.hotspot.jre.full.win32.x86_64_21.0.3.v20240426-1530/jre/bin/server;C:/Users/INTEL CORE I5/.p2/pool/plugins/org.eclipse.justj.openjdk.hotspot.jre.full.win32.x86_64_21.0.3.v20240426-1530/jre/bin;C:\Program Files (x86)\Common Files\Oracle\Java\java8path;C:\Program Files (x86)\Common Files\Oracle\Java\javapath;C:\oraclexe\app\oracle\product\10.2.0\server\bin;C:\Windows\system32;C:\Windows;C:\Windows\System32\Wbem;C:\Windows\System32\WindowsPowerShell\v1.0\;C:\Windows\System32\OpenSSH\;C:\Users\INTEL CORE I5\AppData\Local\Microsoft\WindowsApps;;C:\Users\INTEL CORE I5\Desktop;
USERNAME=INTEL CORE I5
OS=Windows_NT
PROCESSOR_IDENTIFIER=Intel64 Family 6 Model 69 Stepping 1, GenuineIntel
TMP=C:\Users\INTELC~1\AppData\Local\Temp
TEMP=C:\Users\INTELC~1\AppData\Local\Temp




Periodic native trim disabled

---------------  S Y S T E M  ---------------

OS:
 Windows 11 , 64 bit Build 22000 (10.0.22000.318)
OS uptime: 0 days 3:41 hours

CPU: total 4 (initial active 4) (2 cores per cpu, 2 threads per core) family 6 model 69 stepping 1 microcode 0x26, cx8, cmov, fxsr, ht, mmx, sse, sse2, sse3, ssse3, sse4.1, sse4.2, popcnt, lzcnt, tsc, tscinvbit, avx, avx2, aes, erms, clmul, bmi1, bmi2, fma, vzeroupper, clflush, rdtscp, f16c
Processor Information for all 4 processors :
  Max Mhz: 2401, Current Mhz: 768, Mhz Limit: 2401

Memory: 4k page, system-wide physical 4746M (366M free)
TotalPageFile size 7724M (AvailPageFile size 35M)
current process WorkingSet (physical memory assigned to process): 10M, peak: 10M
current process commit charge ("private bytes"): 51M, peak: 127M

vm_info: OpenJDK 64-Bit Server VM (21.0.3+9-LTS) for windows-amd64 JRE (21.0.3+9-LTS), built on 2024-04-16T00:00:00Z by "admin" with MS VC++ 17.7 (VS2022)

END.
